\BOOKMARK [1][-]{section*.1}{\376\377\000R\000e\000v\000i\000s\000i\000o\000n\000\040\000H\000i\000s\000t\000o\000r\000y}{}% 1
\BOOKMARK [2][-]{section*.2}{\376\377\000v\0000\000.\0006\000\040\000\050\0002\0000\0001\0008\000-\0001\0002\000-\0001\0003\000\051}{section*.1}% 2
\BOOKMARK [1][-]{section*.3}{\376\377\000F\000u\000n\000c\000t\000i\000o\000n\000s\000\040\000\046\000\040\000P\000u\000r\000p\000o\000s\000e\000\040\000o\000f\000\040\000t\000h\000e\000\040\000S\000y\000s\000t\000e\000m}{}% 3
\BOOKMARK [1][-]{section*.4}{\376\377\000I\000.\000\040\000G\000e\000n\000e\000r\000a\000l\000\040\000S\000p\000e\000c\000i\000f\000i\000c\000a\000t\000i\000o\000n\000s}{}% 4
\BOOKMARK [2][-]{section*.8}{\376\377\000A\000.\000\040\000S\000y\000s\000t\000e\000m\000\040\000C\000o\000n\000f\000i\000g\000u\000r\000a\000t\000i\000o\000n}{section*.4}% 5
\BOOKMARK [2][-]{section*.9}{\376\377\000B\000.\000\040\000A\000v\000a\000i\000l\000a\000b\000l\000e\000\040\000D\000U\000T\000s\000\040\000\050\000M\000e\000a\000s\000u\000r\000e\000m\000e\000n\000t\000\040\000\046\000\040\000A\000n\000a\000l\000y\000s\000i\000s\000\051}{section*.4}% 6
\BOOKMARK [2][-]{section*.10}{\376\377\000C\000.\000\040\000O\000u\000t\000p\000u\000t\000\040\000D\000a\000t\000a\000\040\000\046\000\040\000F\000i\000l\000e\000\040\000F\000o\000r\000m\000a\000t}{section*.4}% 7
\BOOKMARK [1][-]{section*.11}{\376\377\000I\000I\000.\000\040\000M\000o\000u\000n\000t\000i\000n\000g\000\040\000J\000i\000g\000s}{}% 8
\BOOKMARK [2][-]{section*.12}{\376\377\000A\000.\000\040\000D\000U\000T\000\040\000M\000o\000u\000n\000t\000i\000n\000g\000\040\000S\000c\000h\000e\000m\000e}{section*.11}% 9
\BOOKMARK [2][-]{section*.14}{\376\377\000B\000.\000\040\000M\000o\000u\000n\000t\000a\000b\000l\000e\000\040\000D\000U\000T\000\040\000D\000i\000m\000e\000n\000s\000i\000o\000n\000s}{section*.11}% 10
\BOOKMARK [2][-]{section*.15}{\376\377\000C\000.\000\040\000M\000o\000u\000n\000t\000a\000b\000l\000e\000\040\000F\000A\000B\000\040\000D\000i\000m\000e\000n\000s\000i\000o\000n\000s}{section*.11}% 11
\BOOKMARK [2][-]{section*.17}{\376\377\000D\000.\000\040\000F\000A\000B\000\040\000S\000e\000c\000t\000i\000o\000n\000\040\000A\000n\000g\000l\000e\000\040}{section*.11}% 12
\BOOKMARK [1][-]{section*.19}{\376\377\000I\000I\000I\000.\000\040\000M\000e\000c\000h\000a\000n\000i\000c\000a\000l\000\040\000A\000l\000i\000g\000n\000m\000e\000n\000t\000\040\000P\000a\000r\000t}{}% 13
\BOOKMARK [2][-]{section*.20}{\376\377\000A\000.\000\040\000M\000o\000t\000i\000o\000n\000\040\000C\000o\000n\000t\000r\000o\000l\000\040\000C\000o\000n\000f\000i\000g\000u\000r\000a\000t\000i\000o\000n\000s}{section*.19}% 14
\BOOKMARK [2][-]{section*.22}{\376\377\000B\000.\000\040\000S\000t\000a\000g\000e\000\040\000P\000r\000o\000p\000e\000r\000t\000i\000e\000s}{section*.19}% 15
\BOOKMARK [2][-]{section*.23}{\376\377\000C\000.\000\040\000Z\000-\000A\000x\000i\000s\000\040\000A\000p\000p\000r\000o\000a\000c\000h\000\040\000S\000e\000n\000s\000o\000r}{section*.19}% 16
\BOOKMARK [2][-]{section*.24}{\376\377\000D\000.\000\040\000V\000i\000s\000i\000o\000n\000\040\000C\000a\000m\000e\000r\000a\000s}{section*.19}% 17
\BOOKMARK [1][-]{section*.25}{\376\377\000I\000I\000I\000.\000\040\000O\000p\000t\000i\000c\000a\000l\000\040\000M\000e\000a\000s\000u\000r\000e\000m\000e\000n\000t\000\040\000P\000a\000r\000t}{}% 18
\BOOKMARK [2][-]{section*.26}{\376\377\000A\000.\000\040\000L\000a\000s\000e\000r\000\040\000S\000o\000u\000r\000c\000e}{section*.25}% 19
\BOOKMARK [2][-]{section*.27}{\376\377\000B\000.\000\040\000O\000p\000t\000i\000c\000a\000l\000\040\000P\000o\000w\000e\000r\000\040\000S\000e\000n\000s\000o\000r\000s}{section*.25}% 20
\BOOKMARK [1][-]{section*.28}{\376\377\000I\000V\000.\000\040\000B\000o\000n\000d\000i\000n\000g\000\040\000P\000a\000r\000t}{}% 21
\BOOKMARK [2][-]{section*.29}{\376\377\000A\000.\000\040\000C\000u\000r\000i\000n\000g\000\040\000M\000a\000c\000h\000i\000n\000e}{section*.28}% 22
